[debug] [2022-11-10T16:58:49.889Z] ----------------------------------------------------------------------
[debug] [2022-11-10T16:58:49.894Z] Command:       C:\Program Files\nodejs\node.exe C:\Users\User\AppData\Roaming\npm\node_modules\firebase-tools\lib\bin\firebase.js deploy
[debug] [2022-11-10T16:58:49.895Z] CLI Version:   11.15.0
[debug] [2022-11-10T16:58:49.895Z] Platform:      win32
[debug] [2022-11-10T16:58:49.896Z] Node Version:  v16.17.1
[debug] [2022-11-10T16:58:49.898Z] Time:          Thu Nov 10 2022 22:58:49 GMT+0600 (Bangladesh Standard Time)
[debug] [2022-11-10T16:58:49.898Z] ----------------------------------------------------------------------
[debug] 
[debug] [2022-11-10T16:58:50.119Z] > command requires scopes: ["email","openid","https://www.googleapis.com/auth/cloudplatformprojects.readonly","https://www.googleapis.com/auth/firebase","https://www.googleapis.com/auth/cloud-platform"]
[debug] [2022-11-10T16:58:50.120Z] > authorizing via signed-in user (yeasin200011@gmail.com)
[debug] [2022-11-10T16:58:50.120Z] [iam] checking project dream-kitchen-a0911 for permissions ["firebase.projects.get","firebasehosting.sites.update"]
[debug] [2022-11-10T16:58:50.126Z] >>> [apiv2][query] POST https://cloudresourcemanager.googleapis.com/v1/projects/dream-kitchen-a0911:testIamPermissions [none]
[debug] [2022-11-10T16:58:50.127Z] >>> [apiv2][(partial)header] POST https://cloudresourcemanager.googleapis.com/v1/projects/dream-kitchen-a0911:testIamPermissions x-goog-quota-user=projects/dream-kitchen-a0911
[debug] [2022-11-10T16:58:50.127Z] >>> [apiv2][body] POST https://cloudresourcemanager.googleapis.com/v1/projects/dream-kitchen-a0911:testIamPermissions {"permissions":["firebase.projects.get","firebasehosting.sites.update"]}
[debug] [2022-11-10T16:58:51.929Z] <<< [apiv2][status] POST https://cloudresourcemanager.googleapis.com/v1/projects/dream-kitchen-a0911:testIamPermissions 200
[debug] [2022-11-10T16:58:51.929Z] <<< [apiv2][body] POST https://cloudresourcemanager.googleapis.com/v1/projects/dream-kitchen-a0911:testIamPermissions {"permissions":["firebase.projects.get","firebasehosting.sites.update"]}
[debug] [2022-11-10T16:58:51.932Z] >>> [apiv2][query] GET https://firebase.googleapis.com/v1beta1/projects/dream-kitchen-a0911 [none]
[debug] [2022-11-10T16:58:52.576Z] <<< [apiv2][status] GET https://firebase.googleapis.com/v1beta1/projects/dream-kitchen-a0911 200
[debug] [2022-11-10T16:58:52.577Z] <<< [apiv2][body] GET https://firebase.googleapis.com/v1beta1/projects/dream-kitchen-a0911 {"projectId":"dream-kitchen-a0911","projectNumber":"80774299586","displayName":"dream-kitchen","name":"projects/dream-kitchen-a0911","resources":{"hostingSite":"dream-kitchen-a0911"},"state":"ACTIVE","etag":"1_81766bdf-af52-4fcd-b838-5d19f416b0c4"}
[info] 
[info] === Deploying to 'dream-kitchen-a0911'...
[info] 
[info] i  deploying hosting 
[debug] [2022-11-10T16:58:52.589Z] >>> [apiv2][query] POST https://firebasehosting.googleapis.com/v1beta1/projects/-/sites/dream-kitchen-a0911/versions [none]
[debug] [2022-11-10T16:58:52.590Z] >>> [apiv2][body] POST https://firebasehosting.googleapis.com/v1beta1/projects/-/sites/dream-kitchen-a0911/versions {"status":"CREATED","labels":{"deployment-tool":"cli-firebase"}}
[debug] [2022-11-10T16:58:54.172Z] <<< [apiv2][status] POST https://firebasehosting.googleapis.com/v1beta1/projects/-/sites/dream-kitchen-a0911/versions 200
[debug] [2022-11-10T16:58:54.173Z] <<< [apiv2][body] POST https://firebasehosting.googleapis.com/v1beta1/projects/-/sites/dream-kitchen-a0911/versions {"name":"projects/80774299586/sites/dream-kitchen-a0911/versions/6d52f2ac3e01b1f5","status":"CREATED","config":{},"labels":{"deployment-tool":"cli-firebase"}}
[info] i  hosting[dream-kitchen-a0911]: beginning deploy... 
[info] i  hosting[dream-kitchen-a0911]: found 19 files in build 
[debug] [2022-11-10T16:58:54.239Z] [hosting] uploading with 200 concurrency
[debug] [2022-11-10T16:58:54.242Z] [hosting] hash cache [YnVpbGQ] not populated
[debug] [2022-11-10T16:58:55.816Z] [hosting] hash cache [YnVpbGQ] stored for 19 files
[debug] [2022-11-10T16:58:55.817Z] [hosting][hash queue][FINAL] {"max":1536,"min":73,"avg":258.1578947368421,"active":0,"complete":19,"success":19,"errored":0,"retried":0,"total":19,"elapsed":1571}
[debug] [2022-11-10T16:58:55.819Z] >>> [apiv2][query] POST https://firebasehosting.googleapis.com/v1beta1/projects/80774299586/sites/dream-kitchen-a0911/versions/6d52f2ac3e01b1f5:populateFiles [none]
[debug] [2022-11-10T16:58:55.819Z] >>> [apiv2][body] POST https://firebasehosting.googleapis.com/v1beta1/projects/80774299586/sites/dream-kitchen-a0911/versions/6d52f2ac3e01b1f5:populateFiles {"files":{"/asset-manifest.json":"be863ab09f8a9dcc1f14ff65aa3e841ccb2743e55d9c9cdea921aaacd17e7e0d","/index.html":"8c9f7a19ab7aa3da19ed8cc743bd6f83067e0d8da687b4b11f74349e177b41af","/manifest.json":"aff3449bdc238776f5d6d967f19ec491b36aed5fb7f23ccff6500736fd58494a","/robots.txt":"bfe106a3fb878dc83461c86818bf74fc1bdc7f28538ba613cd3e775516ce8b49","/static/js/787.d53c89bf.chunk.js":"50d94453c3d95786bc6f423f128dc1728c0e65c70baf6723dd338abd7435d287","/static/js/787.d53c89bf.chunk.js.map":"6ac8747b4210972b8a559e8e98f5f8e3eee11526139a5860013d56418effe857","/static/js/main.17f78b64.js.LICENSE.txt":"dc5016d29d45e826ece3d0acae9cce0be7562d2a273dd92025dcc349f37858a0","/logo512.png":"ee7e2f3fdb8209c4b6fd7bef6ba50d1b9dba30a25bb5c3126df057e1cb6f5331","/logo192.png":"3ee59515172ee198f3be375979df15ac5345183e656720a381b8872b2a39dc8b","/static/media/logo.c165edbd209d7a665bd7.png":"112cf1889413913768576e53210e7d7e2a3ad91938c826575532cd81e2a68529","/favicon.png":"112cf1889413913768576e53210e7d7e2a3ad91938c826575532cd81e2a68529","/static/css/main.db122879.css":"07f36c3086b9a707e426195688f832779ff58ba387019aec7ddc835b0768faed","/static/media/blog-img-1.459c301668060c3806e0.jpg":"4fed6c5bf9f28d42c13ab031860cdbd1fd1cd4b98bfa43a470e2dd62dcbbdd3a","/static/media/blog-img-2.1ff1e2c8ebccec31c20e.jpg":"e4a313fffbdb26ff8ccaf80ee24261039c5430dd1a5fb9151a54c029d573d08b","/static/css/main.db122879.css.map":"359536fb50c8ce23e69d73133b1184c34981217d16e683657214baf21e2187f7","/static/js/main.17f78b64.js":"bc2ac9d6cf9add5b495d2595e88e72a2cc02ba6b160c889695d097d83923dbab","/static/media/reputation-bg.0b18c7bfce04e164a45a.jpg":"e8b6ee91cfbb1f7977a5d410e89e1d20dfe714dd00155978529805dce8c62467","/static/media/banner.3b669c0d52b10055f6be.jpg":"fdeb033f576626640f318b0337a19be31f0da15938e3c22358673f66ff784261","/static/js/main.17f78b64.js.map":"84b123edb41af31035fb158c866853366e0edbe40d0ac48735ef0453e17e1fc9"}}
[debug] [2022-11-10T16:58:56.980Z] <<< [apiv2][status] POST https://firebasehosting.googleapis.com/v1beta1/projects/80774299586/sites/dream-kitchen-a0911/versions/6d52f2ac3e01b1f5:populateFiles 200
[debug] [2022-11-10T16:58:56.980Z] <<< [apiv2][body] POST https://firebasehosting.googleapis.com/v1beta1/projects/80774299586/sites/dream-kitchen-a0911/versions/6d52f2ac3e01b1f5:populateFiles {"uploadRequiredHashes":["112cf1889413913768576e53210e7d7e2a3ad91938c826575532cd81e2a68529","07f36c3086b9a707e426195688f832779ff58ba387019aec7ddc835b0768faed","4fed6c5bf9f28d42c13ab031860cdbd1fd1cd4b98bfa43a470e2dd62dcbbdd3a","e8b6ee91cfbb1f7977a5d410e89e1d20dfe714dd00155978529805dce8c62467","359536fb50c8ce23e69d73133b1184c34981217d16e683657214baf21e2187f7","aff3449bdc238776f5d6d967f19ec491b36aed5fb7f23ccff6500736fd58494a","8c9f7a19ab7aa3da19ed8cc743bd6f83067e0d8da687b4b11f74349e177b41af","ee7e2f3fdb8209c4b6fd7bef6ba50d1b9dba30a25bb5c3126df057e1cb6f5331","bc2ac9d6cf9add5b495d2595e88e72a2cc02ba6b160c889695d097d83923dbab","50d94453c3d95786bc6f423f128dc1728c0e65c70baf6723dd338abd7435d287","dc5016d29d45e826ece3d0acae9cce0be7562d2a273dd92025dcc349f37858a0","fdeb033f576626640f318b0337a19be31f0da15938e3c22358673f66ff784261","e4a313fffbdb26ff8ccaf80ee24261039c5430dd1a5fb9151a54c029d573d08b","bfe106a3fb878dc83461c86818bf74fc1bdc7f28538ba613cd3e775516ce8b49","84b123edb41af31035fb158c866853366e0edbe40d0ac48735ef0453e17e1fc9","be863ab09f8a9dcc1f14ff65aa3e841ccb2743e55d9c9cdea921aaacd17e7e0d","6ac8747b4210972b8a559e8e98f5f8e3eee11526139a5860013d56418effe857","3ee59515172ee198f3be375979df15ac5345183e656720a381b8872b2a39dc8b"],"uploadUrl":"https://upload-firebasehosting.googleapis.com/upload/sites/dream-kitchen-a0911/versions/6d52f2ac3e01b1f5/files"}
[debug] [2022-11-10T16:58:56.989Z] >>> [apiv2][query] POST https://upload-firebasehosting.googleapis.com/upload/sites/dream-kitchen-a0911/versions/6d52f2ac3e01b1f5/files/112cf1889413913768576e53210e7d7e2a3ad91938c826575532cd81e2a68529 [none]
[debug] [2022-11-10T16:58:56.989Z] >>> [apiv2][body] POST https://upload-firebasehosting.googleapis.com/upload/sites/dream-kitchen-a0911/versions/6d52f2ac3e01b1f5/files/112cf1889413913768576e53210e7d7e2a3ad91938c826575532cd81e2a68529 [stream]
[debug] [2022-11-10T16:58:56.992Z] >>> [apiv2][query] POST https://upload-firebasehosting.googleapis.com/upload/sites/dream-kitchen-a0911/versions/6d52f2ac3e01b1f5/files/07f36c3086b9a707e426195688f832779ff58ba387019aec7ddc835b0768faed [none]
[debug] [2022-11-10T16:58:56.992Z] >>> [apiv2][body] POST https://upload-firebasehosting.googleapis.com/upload/sites/dream-kitchen-a0911/versions/6d52f2ac3e01b1f5/files/07f36c3086b9a707e426195688f832779ff58ba387019aec7ddc835b0768faed [stream]
[debug] [2022-11-10T16:58:56.996Z] >>> [apiv2][query] POST https://upload-firebasehosting.googleapis.com/upload/sites/dream-kitchen-a0911/versions/6d52f2ac3e01b1f5/files/4fed6c5bf9f28d42c13ab031860cdbd1fd1cd4b98bfa43a470e2dd62dcbbdd3a [none]
[debug] [2022-11-10T16:58:56.996Z] >>> [apiv2][body] POST https://upload-firebasehosting.googleapis.com/upload/sites/dream-kitchen-a0911/versions/6d52f2ac3e01b1f5/files/4fed6c5bf9f28d42c13ab031860cdbd1fd1cd4b98bfa43a470e2dd62dcbbdd3a [stream]
[debug] [2022-11-10T16:58:57.000Z] >>> [apiv2][query] POST https://upload-firebasehosting.googleapis.com/upload/sites/dream-kitchen-a0911/versions/6d52f2ac3e01b1f5/files/e8b6ee91cfbb1f7977a5d410e89e1d20dfe714dd00155978529805dce8c62467 [none]
[debug] [2022-11-10T16:58:57.000Z] >>> [apiv2][body] POST https://upload-firebasehosting.googleapis.com/upload/sites/dream-kitchen-a0911/versions/6d52f2ac3e01b1f5/files/e8b6ee91cfbb1f7977a5d410e89e1d20dfe714dd00155978529805dce8c62467 [stream]
[debug] [2022-11-10T16:58:57.003Z] >>> [apiv2][query] POST https://upload-firebasehosting.googleapis.com/upload/sites/dream-kitchen-a0911/versions/6d52f2ac3e01b1f5/files/359536fb50c8ce23e69d73133b1184c34981217d16e683657214baf21e2187f7 [none]
[debug] [2022-11-10T16:58:57.004Z] >>> [apiv2][body] POST https://upload-firebasehosting.googleapis.com/upload/sites/dream-kitchen-a0911/versions/6d52f2ac3e01b1f5/files/359536fb50c8ce23e69d73133b1184c34981217d16e683657214baf21e2187f7 [stream]
[debug] [2022-11-10T16:58:57.008Z] >>> [apiv2][query] POST https://upload-firebasehosting.googleapis.com/upload/sites/dream-kitchen-a0911/versions/6d52f2ac3e01b1f5/files/aff3449bdc238776f5d6d967f19ec491b36aed5fb7f23ccff6500736fd58494a [none]
[debug] [2022-11-10T16:58:57.009Z] >>> [apiv2][body] POST https://upload-firebasehosting.googleapis.com/upload/sites/dream-kitchen-a0911/versions/6d52f2ac3e01b1f5/files/aff3449bdc238776f5d6d967f19ec491b36aed5fb7f23ccff6500736fd58494a [stream]
[debug] [2022-11-10T16:58:57.013Z] >>> [apiv2][query] POST https://upload-firebasehosting.googleapis.com/upload/sites/dream-kitchen-a0911/versions/6d52f2ac3e01b1f5/files/8c9f7a19ab7aa3da19ed8cc743bd6f83067e0d8da687b4b11f74349e177b41af [none]
[debug] [2022-11-10T16:58:57.013Z] >>> [apiv2][body] POST https://upload-firebasehosting.googleapis.com/upload/sites/dream-kitchen-a0911/versions/6d52f2ac3e01b1f5/files/8c9f7a19ab7aa3da19ed8cc743bd6f83067e0d8da687b4b11f74349e177b41af [stream]
[debug] [2022-11-10T16:58:57.019Z] >>> [apiv2][query] POST https://upload-firebasehosting.googleapis.com/upload/sites/dream-kitchen-a0911/versions/6d52f2ac3e01b1f5/files/ee7e2f3fdb8209c4b6fd7bef6ba50d1b9dba30a25bb5c3126df057e1cb6f5331 [none]
[debug] [2022-11-10T16:58:57.019Z] >>> [apiv2][body] POST https://upload-firebasehosting.googleapis.com/upload/sites/dream-kitchen-a0911/versions/6d52f2ac3e01b1f5/files/ee7e2f3fdb8209c4b6fd7bef6ba50d1b9dba30a25bb5c3126df057e1cb6f5331 [stream]
[debug] [2022-11-10T16:58:57.024Z] >>> [apiv2][query] POST https://upload-firebasehosting.googleapis.com/upload/sites/dream-kitchen-a0911/versions/6d52f2ac3e01b1f5/files/bc2ac9d6cf9add5b495d2595e88e72a2cc02ba6b160c889695d097d83923dbab [none]
[debug] [2022-11-10T16:58:57.024Z] >>> [apiv2][body] POST https://upload-firebasehosting.googleapis.com/upload/sites/dream-kitchen-a0911/versions/6d52f2ac3e01b1f5/files/bc2ac9d6cf9add5b495d2595e88e72a2cc02ba6b160c889695d097d83923dbab [stream]
[debug] [2022-11-10T16:58:57.029Z] >>> [apiv2][query] POST https://upload-firebasehosting.googleapis.com/upload/sites/dream-kitchen-a0911/versions/6d52f2ac3e01b1f5/files/50d94453c3d95786bc6f423f128dc1728c0e65c70baf6723dd338abd7435d287 [none]
[debug] [2022-11-10T16:58:57.034Z] >>> [apiv2][body] POST https://upload-firebasehosting.googleapis.com/upload/sites/dream-kitchen-a0911/versions/6d52f2ac3e01b1f5/files/50d94453c3d95786bc6f423f128dc1728c0e65c70baf6723dd338abd7435d287 [stream]
[debug] [2022-11-10T16:58:57.038Z] >>> [apiv2][query] POST https://upload-firebasehosting.googleapis.com/upload/sites/dream-kitchen-a0911/versions/6d52f2ac3e01b1f5/files/dc5016d29d45e826ece3d0acae9cce0be7562d2a273dd92025dcc349f37858a0 [none]
[debug] [2022-11-10T16:58:57.038Z] >>> [apiv2][body] POST https://upload-firebasehosting.googleapis.com/upload/sites/dream-kitchen-a0911/versions/6d52f2ac3e01b1f5/files/dc5016d29d45e826ece3d0acae9cce0be7562d2a273dd92025dcc349f37858a0 [stream]
[debug] [2022-11-10T16:58:57.054Z] >>> [apiv2][query] POST https://upload-firebasehosting.googleapis.com/upload/sites/dream-kitchen-a0911/versions/6d52f2ac3e01b1f5/files/fdeb033f576626640f318b0337a19be31f0da15938e3c22358673f66ff784261 [none]
[debug] [2022-11-10T16:58:57.054Z] >>> [apiv2][body] POST https://upload-firebasehosting.googleapis.com/upload/sites/dream-kitchen-a0911/versions/6d52f2ac3e01b1f5/files/fdeb033f576626640f318b0337a19be31f0da15938e3c22358673f66ff784261 [stream]
[debug] [2022-11-10T16:58:57.059Z] >>> [apiv2][query] POST https://upload-firebasehosting.googleapis.com/upload/sites/dream-kitchen-a0911/versions/6d52f2ac3e01b1f5/files/e4a313fffbdb26ff8ccaf80ee24261039c5430dd1a5fb9151a54c029d573d08b [none]
[debug] [2022-11-10T16:58:57.059Z] >>> [apiv2][body] POST https://upload-firebasehosting.googleapis.com/upload/sites/dream-kitchen-a0911/versions/6d52f2ac3e01b1f5/files/e4a313fffbdb26ff8ccaf80ee24261039c5430dd1a5fb9151a54c029d573d08b [stream]
[debug] [2022-11-10T16:58:57.063Z] >>> [apiv2][query] POST https://upload-firebasehosting.googleapis.com/upload/sites/dream-kitchen-a0911/versions/6d52f2ac3e01b1f5/files/bfe106a3fb878dc83461c86818bf74fc1bdc7f28538ba613cd3e775516ce8b49 [none]
[debug] [2022-11-10T16:58:57.064Z] >>> [apiv2][body] POST https://upload-firebasehosting.googleapis.com/upload/sites/dream-kitchen-a0911/versions/6d52f2ac3e01b1f5/files/bfe106a3fb878dc83461c86818bf74fc1bdc7f28538ba613cd3e775516ce8b49 [stream]
[debug] [2022-11-10T16:58:57.068Z] >>> [apiv2][query] POST https://upload-firebasehosting.googleapis.com/upload/sites/dream-kitchen-a0911/versions/6d52f2ac3e01b1f5/files/84b123edb41af31035fb158c866853366e0edbe40d0ac48735ef0453e17e1fc9 [none]
[debug] [2022-11-10T16:58:57.068Z] >>> [apiv2][body] POST https://upload-firebasehosting.googleapis.com/upload/sites/dream-kitchen-a0911/versions/6d52f2ac3e01b1f5/files/84b123edb41af31035fb158c866853366e0edbe40d0ac48735ef0453e17e1fc9 [stream]
[debug] [2022-11-10T16:58:57.094Z] >>> [apiv2][query] POST https://upload-firebasehosting.googleapis.com/upload/sites/dream-kitchen-a0911/versions/6d52f2ac3e01b1f5/files/be863ab09f8a9dcc1f14ff65aa3e841ccb2743e55d9c9cdea921aaacd17e7e0d [none]
[debug] [2022-11-10T16:58:57.094Z] >>> [apiv2][body] POST https://upload-firebasehosting.googleapis.com/upload/sites/dream-kitchen-a0911/versions/6d52f2ac3e01b1f5/files/be863ab09f8a9dcc1f14ff65aa3e841ccb2743e55d9c9cdea921aaacd17e7e0d [stream]
[debug] [2022-11-10T16:58:57.098Z] >>> [apiv2][query] POST https://upload-firebasehosting.googleapis.com/upload/sites/dream-kitchen-a0911/versions/6d52f2ac3e01b1f5/files/6ac8747b4210972b8a559e8e98f5f8e3eee11526139a5860013d56418effe857 [none]
[debug] [2022-11-10T16:58:57.098Z] >>> [apiv2][body] POST https://upload-firebasehosting.googleapis.com/upload/sites/dream-kitchen-a0911/versions/6d52f2ac3e01b1f5/files/6ac8747b4210972b8a559e8e98f5f8e3eee11526139a5860013d56418effe857 [stream]
[debug] [2022-11-10T16:58:57.105Z] >>> [apiv2][query] POST https://upload-firebasehosting.googleapis.com/upload/sites/dream-kitchen-a0911/versions/6d52f2ac3e01b1f5/files/3ee59515172ee198f3be375979df15ac5345183e656720a381b8872b2a39dc8b [none]
[debug] [2022-11-10T16:58:57.106Z] >>> [apiv2][body] POST https://upload-firebasehosting.googleapis.com/upload/sites/dream-kitchen-a0911/versions/6d52f2ac3e01b1f5/files/3ee59515172ee198f3be375979df15ac5345183e656720a381b8872b2a39dc8b [stream]
[debug] [2022-11-10T16:58:57.115Z] [hosting][populate queue][FINAL] {"max":1182,"min":1182,"avg":1182,"active":0,"complete":1,"success":1,"errored":0,"retried":0,"total":1,"elapsed":1308}
[debug] [2022-11-10T16:58:57.119Z] [hosting] uploads queued: 18
[debug] [2022-11-10T16:58:59.935Z] <<< [apiv2][status] POST https://upload-firebasehosting.googleapis.com/upload/sites/dream-kitchen-a0911/versions/6d52f2ac3e01b1f5/files/3ee59515172ee198f3be375979df15ac5345183e656720a381b8872b2a39dc8b 200
[debug] [2022-11-10T16:58:59.936Z] <<< [apiv2][body] POST https://upload-firebasehosting.googleapis.com/upload/sites/dream-kitchen-a0911/versions/6d52f2ac3e01b1f5/files/3ee59515172ee198f3be375979df15ac5345183e656720a381b8872b2a39dc8b [stream]
[debug] [2022-11-10T16:59:00.284Z] <<< [apiv2][status] POST https://upload-firebasehosting.googleapis.com/upload/sites/dream-kitchen-a0911/versions/6d52f2ac3e01b1f5/files/aff3449bdc238776f5d6d967f19ec491b36aed5fb7f23ccff6500736fd58494a 200
[debug] [2022-11-10T16:59:00.284Z] <<< [apiv2][body] POST https://upload-firebasehosting.googleapis.com/upload/sites/dream-kitchen-a0911/versions/6d52f2ac3e01b1f5/files/aff3449bdc238776f5d6d967f19ec491b36aed5fb7f23ccff6500736fd58494a [stream]
[debug] [2022-11-10T16:59:00.511Z] <<< [apiv2][status] POST https://upload-firebasehosting.googleapis.com/upload/sites/dream-kitchen-a0911/versions/6d52f2ac3e01b1f5/files/8c9f7a19ab7aa3da19ed8cc743bd6f83067e0d8da687b4b11f74349e177b41af 200
[debug] [2022-11-10T16:59:00.512Z] <<< [apiv2][body] POST https://upload-firebasehosting.googleapis.com/upload/sites/dream-kitchen-a0911/versions/6d52f2ac3e01b1f5/files/8c9f7a19ab7aa3da19ed8cc743bd6f83067e0d8da687b4b11f74349e177b41af [stream]
[debug] [2022-11-10T16:59:00.657Z] <<< [apiv2][status] POST https://upload-firebasehosting.googleapis.com/upload/sites/dream-kitchen-a0911/versions/6d52f2ac3e01b1f5/files/be863ab09f8a9dcc1f14ff65aa3e841ccb2743e55d9c9cdea921aaacd17e7e0d 200
[debug] [2022-11-10T16:59:00.657Z] <<< [apiv2][body] POST https://upload-firebasehosting.googleapis.com/upload/sites/dream-kitchen-a0911/versions/6d52f2ac3e01b1f5/files/be863ab09f8a9dcc1f14ff65aa3e841ccb2743e55d9c9cdea921aaacd17e7e0d [stream]
[debug] [2022-11-10T16:59:00.792Z] <<< [apiv2][status] POST https://upload-firebasehosting.googleapis.com/upload/sites/dream-kitchen-a0911/versions/6d52f2ac3e01b1f5/files/6ac8747b4210972b8a559e8e98f5f8e3eee11526139a5860013d56418effe857 200
[debug] [2022-11-10T16:59:00.793Z] <<< [apiv2][body] POST https://upload-firebasehosting.googleapis.com/upload/sites/dream-kitchen-a0911/versions/6d52f2ac3e01b1f5/files/6ac8747b4210972b8a559e8e98f5f8e3eee11526139a5860013d56418effe857 [stream]
[debug] [2022-11-10T16:59:00.976Z] <<< [apiv2][status] POST https://upload-firebasehosting.googleapis.com/upload/sites/dream-kitchen-a0911/versions/6d52f2ac3e01b1f5/files/bfe106a3fb878dc83461c86818bf74fc1bdc7f28538ba613cd3e775516ce8b49 200
[debug] [2022-11-10T16:59:00.977Z] <<< [apiv2][body] POST https://upload-firebasehosting.googleapis.com/upload/sites/dream-kitchen-a0911/versions/6d52f2ac3e01b1f5/files/bfe106a3fb878dc83461c86818bf74fc1bdc7f28538ba613cd3e775516ce8b49 [stream]
[debug] [2022-11-10T16:59:01.069Z] <<< [apiv2][status] POST https://upload-firebasehosting.googleapis.com/upload/sites/dream-kitchen-a0911/versions/6d52f2ac3e01b1f5/files/07f36c3086b9a707e426195688f832779ff58ba387019aec7ddc835b0768faed 200
[debug] [2022-11-10T16:59:01.070Z] <<< [apiv2][body] POST https://upload-firebasehosting.googleapis.com/upload/sites/dream-kitchen-a0911/versions/6d52f2ac3e01b1f5/files/07f36c3086b9a707e426195688f832779ff58ba387019aec7ddc835b0768faed [stream]
[debug] [2022-11-10T16:59:01.383Z] <<< [apiv2][status] POST https://upload-firebasehosting.googleapis.com/upload/sites/dream-kitchen-a0911/versions/6d52f2ac3e01b1f5/files/4fed6c5bf9f28d42c13ab031860cdbd1fd1cd4b98bfa43a470e2dd62dcbbdd3a 200
[debug] [2022-11-10T16:59:01.383Z] <<< [apiv2][body] POST https://upload-firebasehosting.googleapis.com/upload/sites/dream-kitchen-a0911/versions/6d52f2ac3e01b1f5/files/4fed6c5bf9f28d42c13ab031860cdbd1fd1cd4b98bfa43a470e2dd62dcbbdd3a [stream]
[debug] [2022-11-10T16:59:01.415Z] <<< [apiv2][status] POST https://upload-firebasehosting.googleapis.com/upload/sites/dream-kitchen-a0911/versions/6d52f2ac3e01b1f5/files/50d94453c3d95786bc6f423f128dc1728c0e65c70baf6723dd338abd7435d287 200
[debug] [2022-11-10T16:59:01.416Z] <<< [apiv2][body] POST https://upload-firebasehosting.googleapis.com/upload/sites/dream-kitchen-a0911/versions/6d52f2ac3e01b1f5/files/50d94453c3d95786bc6f423f128dc1728c0e65c70baf6723dd338abd7435d287 [stream]
[debug] [2022-11-10T16:59:01.521Z] <<< [apiv2][status] POST https://upload-firebasehosting.googleapis.com/upload/sites/dream-kitchen-a0911/versions/6d52f2ac3e01b1f5/files/112cf1889413913768576e53210e7d7e2a3ad91938c826575532cd81e2a68529 200
[debug] [2022-11-10T16:59:01.522Z] <<< [apiv2][body] POST https://upload-firebasehosting.googleapis.com/upload/sites/dream-kitchen-a0911/versions/6d52f2ac3e01b1f5/files/112cf1889413913768576e53210e7d7e2a3ad91938c826575532cd81e2a68529 [stream]
[debug] [2022-11-10T16:59:02.035Z] <<< [apiv2][status] POST https://upload-firebasehosting.googleapis.com/upload/sites/dream-kitchen-a0911/versions/6d52f2ac3e01b1f5/files/e4a313fffbdb26ff8ccaf80ee24261039c5430dd1a5fb9151a54c029d573d08b 200
[debug] [2022-11-10T16:59:02.036Z] <<< [apiv2][body] POST https://upload-firebasehosting.googleapis.com/upload/sites/dream-kitchen-a0911/versions/6d52f2ac3e01b1f5/files/e4a313fffbdb26ff8ccaf80ee24261039c5430dd1a5fb9151a54c029d573d08b [stream]
[debug] [2022-11-10T16:59:02.477Z] <<< [apiv2][status] POST https://upload-firebasehosting.googleapis.com/upload/sites/dream-kitchen-a0911/versions/6d52f2ac3e01b1f5/files/bc2ac9d6cf9add5b495d2595e88e72a2cc02ba6b160c889695d097d83923dbab 200
[debug] [2022-11-10T16:59:02.477Z] <<< [apiv2][body] POST https://upload-firebasehosting.googleapis.com/upload/sites/dream-kitchen-a0911/versions/6d52f2ac3e01b1f5/files/bc2ac9d6cf9add5b495d2595e88e72a2cc02ba6b160c889695d097d83923dbab [stream]
[debug] [2022-11-10T16:59:02.510Z] <<< [apiv2][status] POST https://upload-firebasehosting.googleapis.com/upload/sites/dream-kitchen-a0911/versions/6d52f2ac3e01b1f5/files/359536fb50c8ce23e69d73133b1184c34981217d16e683657214baf21e2187f7 200
[debug] [2022-11-10T16:59:02.510Z] <<< [apiv2][body] POST https://upload-firebasehosting.googleapis.com/upload/sites/dream-kitchen-a0911/versions/6d52f2ac3e01b1f5/files/359536fb50c8ce23e69d73133b1184c34981217d16e683657214baf21e2187f7 [stream]
[debug] [2022-11-10T16:59:03.239Z] <<< [apiv2][status] POST https://upload-firebasehosting.googleapis.com/upload/sites/dream-kitchen-a0911/versions/6d52f2ac3e01b1f5/files/ee7e2f3fdb8209c4b6fd7bef6ba50d1b9dba30a25bb5c3126df057e1cb6f5331 200
[debug] [2022-11-10T16:59:03.239Z] <<< [apiv2][body] POST https://upload-firebasehosting.googleapis.com/upload/sites/dream-kitchen-a0911/versions/6d52f2ac3e01b1f5/files/ee7e2f3fdb8209c4b6fd7bef6ba50d1b9dba30a25bb5c3126df057e1cb6f5331 [stream]
[debug] [2022-11-10T16:59:06.932Z] <<< [apiv2][status] POST https://upload-firebasehosting.googleapis.com/upload/sites/dream-kitchen-a0911/versions/6d52f2ac3e01b1f5/files/dc5016d29d45e826ece3d0acae9cce0be7562d2a273dd92025dcc349f37858a0 200
[debug] [2022-11-10T16:59:06.933Z] <<< [apiv2][body] POST https://upload-firebasehosting.googleapis.com/upload/sites/dream-kitchen-a0911/versions/6d52f2ac3e01b1f5/files/dc5016d29d45e826ece3d0acae9cce0be7562d2a273dd92025dcc349f37858a0 [stream]
[debug] [2022-11-10T16:59:07.438Z] <<< [apiv2][status] POST https://upload-firebasehosting.googleapis.com/upload/sites/dream-kitchen-a0911/versions/6d52f2ac3e01b1f5/files/84b123edb41af31035fb158c866853366e0edbe40d0ac48735ef0453e17e1fc9 200
[debug] [2022-11-10T16:59:07.439Z] <<< [apiv2][body] POST https://upload-firebasehosting.googleapis.com/upload/sites/dream-kitchen-a0911/versions/6d52f2ac3e01b1f5/files/84b123edb41af31035fb158c866853366e0edbe40d0ac48735ef0453e17e1fc9 [stream]
[debug] [2022-11-10T16:59:09.518Z] <<< [apiv2][status] POST https://upload-firebasehosting.googleapis.com/upload/sites/dream-kitchen-a0911/versions/6d52f2ac3e01b1f5/files/fdeb033f576626640f318b0337a19be31f0da15938e3c22358673f66ff784261 200
[debug] [2022-11-10T16:59:09.518Z] <<< [apiv2][body] POST https://upload-firebasehosting.googleapis.com/upload/sites/dream-kitchen-a0911/versions/6d52f2ac3e01b1f5/files/fdeb033f576626640f318b0337a19be31f0da15938e3c22358673f66ff784261 [stream]
[debug] [2022-11-10T16:59:09.772Z] <<< [apiv2][status] POST https://upload-firebasehosting.googleapis.com/upload/sites/dream-kitchen-a0911/versions/6d52f2ac3e01b1f5/files/e8b6ee91cfbb1f7977a5d410e89e1d20dfe714dd00155978529805dce8c62467 200
[debug] [2022-11-10T16:59:09.772Z] <<< [apiv2][body] POST https://upload-firebasehosting.googleapis.com/upload/sites/dream-kitchen-a0911/versions/6d52f2ac3e01b1f5/files/e8b6ee91cfbb1f7977a5d410e89e1d20dfe714dd00155978529805dce8c62467 [stream]
[debug] [2022-11-10T16:59:09.773Z] [hosting][upload queue][FINAL] {"max":12790,"min":2948,"avg":5931.166666666667,"active":0,"complete":18,"success":18,"errored":0,"retried":0,"total":18,"elapsed":12793}
[info] +  hosting[dream-kitchen-a0911]: file upload complete 
[debug] [2022-11-10T16:59:09.778Z] [hosting] deploy completed after 15597ms
[debug] [2022-11-10T16:59:09.794Z] [
  {
    "config": {
      "public": "build",
      "ignore": [
        "firebase.json",
        "**/.*",
        "**/node_modules/**"
      ],
      "rewrites": [
        {
          "source": "**",
          "destination": "/index.html"
        }
      ],
      "site": "dream-kitchen-a0911"
    },
    "version": "projects/80774299586/sites/dream-kitchen-a0911/versions/6d52f2ac3e01b1f5"
  }
]
[info] i  hosting[dream-kitchen-a0911]: finalizing version... 
[debug] [2022-11-10T16:59:09.810Z] >>> [apiv2][query] PATCH https://firebasehosting.googleapis.com/v1beta1/projects/-/sites/dream-kitchen-a0911/versions/6d52f2ac3e01b1f5 updateMask=status%2Cconfig
[debug] [2022-11-10T16:59:09.810Z] >>> [apiv2][body] PATCH https://firebasehosting.googleapis.com/v1beta1/projects/-/sites/dream-kitchen-a0911/versions/6d52f2ac3e01b1f5 {"status":"FINALIZED","config":{"rewrites":[{"glob":"**","path":"/index.html"}]}}
[debug] [2022-11-10T16:59:10.918Z] <<< [apiv2][status] PATCH https://firebasehosting.googleapis.com/v1beta1/projects/-/sites/dream-kitchen-a0911/versions/6d52f2ac3e01b1f5 200
[debug] [2022-11-10T16:59:10.918Z] <<< [apiv2][body] PATCH https://firebasehosting.googleapis.com/v1beta1/projects/-/sites/dream-kitchen-a0911/versions/6d52f2ac3e01b1f5 {"name":"projects/80774299586/sites/dream-kitchen-a0911/versions/6d52f2ac3e01b1f5","status":"FINALIZED","config":{"rewrites":[{"glob":"**","path":"/index.html"}]},"labels":{"deployment-tool":"cli-firebase"},"createTime":"2022-11-10T17:03:01.510458Z","createUser":{"email":"yeasin200011@gmail.com"},"finalizeTime":"2022-11-10T17:03:18.792800Z","finalizeUser":{"email":"yeasin200011@gmail.com"}}
[debug] [2022-11-10T16:59:10.918Z] [hosting] finalized version for dream-kitchen-a0911:[object Object]
[info] +  hosting[dream-kitchen-a0911]: version finalized 
[info] i  hosting[dream-kitchen-a0911]: releasing new version... 
[debug] [2022-11-10T16:59:10.922Z] >>> [apiv2][query] POST https://firebasehosting.googleapis.com/v1beta1/projects/-/sites/dream-kitchen-a0911/channels/live/releases versionName=projects%2F80774299586%2Fsites%2Fdream-kitchen-a0911%2Fversions%2F6d52f2ac3e01b1f5
[debug] [2022-11-10T16:59:10.923Z] >>> [apiv2][body] POST https://firebasehosting.googleapis.com/v1beta1/projects/-/sites/dream-kitchen-a0911/channels/live/releases {}
[debug] [2022-11-10T16:59:12.982Z] <<< [apiv2][status] POST https://firebasehosting.googleapis.com/v1beta1/projects/-/sites/dream-kitchen-a0911/channels/live/releases 200
[debug] [2022-11-10T16:59:12.983Z] <<< [apiv2][body] POST https://firebasehosting.googleapis.com/v1beta1/projects/-/sites/dream-kitchen-a0911/channels/live/releases {"name":"projects/80774299586/sites/dream-kitchen-a0911/channels/live/releases/1668099800252162","version":{"name":"projects/80774299586/sites/dream-kitchen-a0911/versions/6d52f2ac3e01b1f5","status":"FINALIZED","config":{"rewrites":[{"glob":"**","path":"/index.html"}]},"labels":{"deployment-tool":"cli-firebase"},"createTime":"2022-11-10T17:03:01.510458Z","createUser":{"email":"yeasin200011@gmail.com","imageUrl":"https://lh3.googleusercontent.com/a/ALm5wu1llChCFRyfMTM8oWxepzjAmgARNlZ6mIYdParGkQ"},"finalizeTime":"2022-11-10T17:03:18.792800Z","finalizeUser":{"email":"yeasin200011@gmail.com","imageUrl":"https://lh3.googleusercontent.com/a/ALm5wu1llChCFRyfMTM8oWxepzjAmgARNlZ6mIYdParGkQ"}},"type":"DEPLOY","releaseTime":"2022-11-10T17:03:20.252162077Z","releaseUser":{"email":"yeasin200011@gmail.com","imageUrl":"https://lh3.googleusercontent.com/a/ALm5wu1llChCFRyfMTM8oWxepzjAmgARNlZ6mIYdParGkQ"}}
[debug] [2022-11-10T16:59:12.983Z] [hosting] release: {"name":"projects/80774299586/sites/dream-kitchen-a0911/channels/live/releases/1668099800252162","version":{"name":"projects/80774299586/sites/dream-kitchen-a0911/versions/6d52f2ac3e01b1f5","status":"FINALIZED","config":{"rewrites":[{"glob":"**","path":"/index.html"}]},"labels":{"deployment-tool":"cli-firebase"},"createTime":"2022-11-10T17:03:01.510458Z","createUser":{"email":"yeasin200011@gmail.com","imageUrl":"https://lh3.googleusercontent.com/a/ALm5wu1llChCFRyfMTM8oWxepzjAmgARNlZ6mIYdParGkQ"},"finalizeTime":"2022-11-10T17:03:18.792800Z","finalizeUser":{"email":"yeasin200011@gmail.com","imageUrl":"https://lh3.googleusercontent.com/a/ALm5wu1llChCFRyfMTM8oWxepzjAmgARNlZ6mIYdParGkQ"}},"type":"DEPLOY","releaseTime":"2022-11-10T17:03:20.252162077Z","releaseUser":{"email":"yeasin200011@gmail.com","imageUrl":"https://lh3.googleusercontent.com/a/ALm5wu1llChCFRyfMTM8oWxepzjAmgARNlZ6mIYdParGkQ"}}
[info] +  hosting[dream-kitchen-a0911]: release complete 
